{"/Users/waylon/vuejs/ailemente/src/components/button/Button.vue": {"path":"/Users/waylon/vuejs/ailemente/src/components/button/Button.vue","statementMap":{"0":{"start":{"line":3,"column":0},"end":{"line":5,"column":3}},"1":{"start":{"line":6,"column":0},"end":{"line":8,"column":2}},"2":{"start":{"line":9,"column":0},"end":{"line":9,"column":13}},"3":{"start":{"line":11,"column":15},"end":{"line":20,"column":1}},"4":{"start":{"line":12,"column":2},"end":{"line":18,"column":4}},"5":{"start":{"line":13,"column":4},"end":{"line":16,"column":5}},"6":{"start":{"line":13,"column":20},"end":{"line":13,"column":21}},"7":{"start":{"line":13,"column":27},"end":{"line":13,"column":43}},"8":{"start":{"line":14,"column":6},"end":{"line":14,"column":23}},"9":{"start":{"line":15,"column":6},"end":{"line":15,"column":83}},"10":{"start":{"line":15,"column":23},"end":{"line":15,"column":83}},"11":{"start":{"line":15,"column":71},"end":{"line":15,"column":83}},"12":{"start":{"line":17,"column":4},"end":{"line":17,"column":13}},"13":{"start":{"line":19,"column":2},"end":{"line":19,"column":41}},"14":{"start":{"line":21,"column":0},"end":{"line":23,"column":3}},"15":{"start":{"line":24,"column":12},"end":{"line":24,"column":26}},"16":{"start":{"line":25,"column":14},"end":{"line":25,"column":35}},"17":{"start":{"line":26,"column":12},"end":{"line":26,"column":26}},"18":{"start":{"line":27,"column":18},"end":{"line":29,"column":1}},"19":{"start":{"line":30,"column":0},"end":{"line":62,"column":4}},"20":{"start":{"line":44,"column":17},"end":{"line":44,"column":26}},"21":{"start":{"line":45,"column":4},"end":{"line":45,"column":13}},"22":{"start":{"line":46,"column":16},"end":{"line":46,"column":23}},"23":{"start":{"line":47,"column":29},"end":{"line":47,"column":70}},"24":{"start":{"line":48,"column":21},"end":{"line":50,"column":6}},"25":{"start":{"line":49,"column":6},"end":{"line":49,"column":51}},"26":{"start":{"line":51,"column":23},"end":{"line":55,"column":5}},"27":{"start":{"line":56,"column":4},"end":{"line":59,"column":7}},"28":{"start":{"line":60,"column":4},"end":{"line":60,"column":24}},"29":{"start":{"line":64,"column":0},"end":{"line":64,"column":62}},"30":{"start":{"line":65,"column":0},"end":{"line":65,"column":24}},"31":{"start":{"line":66,"column":12},"end":{"line":66,"column":26}},"32":{"start":{"line":68,"column":4},"end":{"line":75,"column":23}},"33":{"start":{"line":77,"column":0},"end":{"line":77,"column":24}},"34":{"start":{"line":78,"column":1},"end":{"line":78,"column":48}}},"fnMap":{"0":{"name":"(anonymous_0)","decl":{"start":{"line":11,"column":40},"end":{"line":11,"column":41}},"loc":{"start":{"line":11,"column":52},"end":{"line":20,"column":1}},"line":11},"1":{"name":"(anonymous_1)","decl":{"start":{"line":12,"column":30},"end":{"line":12,"column":31}},"loc":{"start":{"line":12,"column":43},"end":{"line":18,"column":3}},"line":12},"2":{"name":"(anonymous_2)","decl":{"start":{"line":43,"column":9},"end":{"line":43,"column":10}},"loc":{"start":{"line":43,"column":32},"end":{"line":61,"column":3}},"line":43},"3":{"name":"(anonymous_3)","decl":{"start":{"line":48,"column":41},"end":{"line":48,"column":42}},"loc":{"start":{"line":48,"column":53},"end":{"line":50,"column":5}},"line":48},"4":{"name":"render","decl":{"start":{"line":67,"column":9},"end":{"line":67,"column":15}},"loc":{"start":{"line":67,"column":63},"end":{"line":76,"column":1}},"line":67}},"branchMap":{"0":{"loc":{"start":{"line":11,"column":15},"end":{"line":20,"column":1}},"type":"binary-expr","locations":[{"start":{"line":11,"column":15},"end":{"line":11,"column":19}},{"start":{"line":11,"column":23},"end":{"line":11,"column":36}},{"start":{"line":11,"column":40},"end":{"line":20,"column":1}}],"line":11},"1":{"loc":{"start":{"line":12,"column":13},"end":{"line":18,"column":3}},"type":"binary-expr","locations":[{"start":{"line":12,"column":13},"end":{"line":12,"column":26}},{"start":{"line":12,"column":30},"end":{"line":18,"column":3}}],"line":12},"2":{"loc":{"start":{"line":15,"column":23},"end":{"line":15,"column":83}},"type":"if","locations":[{"start":{"line":15,"column":23},"end":{"line":15,"column":83}},{"start":{},"end":{}}],"line":15},"3":{"loc":{"start":{"line":49,"column":13},"end":{"line":49,"column":50}},"type":"binary-expr","locations":[{"start":{"line":49,"column":13},"end":{"line":49,"column":23}},{"start":{"line":49,"column":27},"end":{"line":49,"column":50}}],"line":49},"4":{"loc":{"start":{"line":70,"column":16},"end":{"line":70,"column":80}},"type":"cond-expr","locations":[{"start":{"line":70,"column":36},"end":{"line":70,"column":75}},{"start":{"line":70,"column":78},"end":{"line":70,"column":80}}],"line":70},"5":{"loc":{"start":{"line":71,"column":16},"end":{"line":71,"column":68}},"type":"cond-expr","locations":[{"start":{"line":71,"column":30},"end":{"line":71,"column":63}},{"start":{"line":71,"column":66},"end":{"line":71,"column":68}}],"line":71}},"s":{"0":1,"1":1,"2":1,"3":1,"4":2,"5":0,"6":0,"7":0,"8":0,"9":0,"10":0,"11":0,"12":0,"13":2,"14":1,"15":1,"16":1,"17":1,"18":1,"19":1,"20":2,"21":2,"22":2,"23":2,"24":2,"25":2,"26":2,"27":2,"28":2,"29":1,"30":1,"31":1,"32":2,"33":1,"34":1},"f":{"0":2,"1":0,"2":2,"3":2,"4":2},"b":{"0":[1,1,1],"1":[2,0],"2":[0,0],"3":[2,0],"4":[2,0],"5":[0,2]},"inputSourceMap":{"0":"{","1":"\"","2":"v","3":"e","4":"r","5":"s","6":"i","7":"o","8":"n","9":"\"","10":":","11":"3","12":",","13":"\"","14":"s","15":"o","16":"u","17":"r","18":"c","19":"e","20":"s","21":"\"","22":":","23":"[","24":"\"","25":"/","26":"U","27":"s","28":"e","29":"r","30":"s","31":"/","32":"w","33":"a","34":"y","35":"l","36":"o","37":"n","38":"/","39":"v","40":"u","41":"e","42":"j","43":"s","44":"/","45":"a","46":"i","47":"l","48":"e","49":"m","50":"e","51":"n","52":"t","53":"e","54":"/","55":"s","56":"r","57":"c","58":"/","59":"c","60":"o","61":"m","62":"p","63":"o","64":"n","65":"e","66":"n","67":"t","68":"s","69":"/","70":"b","71":"u","72":"t","73":"t","74":"o","75":"n","76":"/","77":"B","78":"u","79":"t","80":"t","81":"o","82":"n","83":".","84":"v","85":"u","86":"e","87":"\"","88":"]","89":",","90":"\"","91":"n","92":"a","93":"m","94":"e","95":"s","96":"\"","97":":","98":"[","99":"]","100":",","101":"\"","102":"m","103":"a","104":"p","105":"p","106":"i","107":"n","108":"g","109":"s","110":"\"","111":":","112":"\"","113":";","114":";","115":";","116":";","117":";","118":"A","119":"A","120":"a","121":"A","122":",","123":"k","124":"B","125":"A","126":"A","127":"e","128":";","129":"E","130":"A","131":"C","132":"b","133":",","134":"I","135":"A","136":"A","137":"I","138":",","139":"E","140":"A","141":"A","142":"E","143":";","144":"C","145":"A","146":"C","147":"P","148":";","149":";","150":";","151":";","152":";","153":";","154":";","155":";","156":";","157":";","158":";","159":";","160":";","161":";","162":";","163":";","164":";","165":"A","166":"A","167":"I","168":"D","169":";","170":"A","171":"A","172":"C","173":"A","174":";","175":"A","176":"A","177":"P","178":"A","179":",","180":"I","181":"A","182":"A","183":"M","184":",","185":"W","186":"A","187":"A","188":"W","189":",","190":"G","191":"A","192":"A","193":"G","194":";","195":"E","196":"A","197":"C","198":"l","199":"B","200":",","201":"I","202":"A","203":"A","204":"I","205":",","206":"E","207":"A","208":"A","209":"E","210":";","211":"C","212":"A","213":"C","214":"P","215":";","216":";","217":";","218":";","219":";","220":";","221":";","222":";","223":";","224":";","225":";","226":";","227":";","228":";","229":";","230":";","231":";","232":";","233":"I","234":"A","235":"i","236":"B","237":"D","238":",","239":"I","240":"A","241":"A","242":"M","243":",","244":"k","245":"B","246":"A","247":"A","248":"k","249":"B","250":",","251":"G","252":"A","253":"A","254":"G","255":",","256":"2","257":"B","258":"A","259":"A","260":"e","261":",","262":"E","263":"A","264":"A","265":"C","266":",","267":"W","268":"A","269":"A","270":"W","271":",","272":"C","273":"A","274":"A","275":"C","276":";","277":"I","278":"A","279":"C","280":"v","281":"D","282":",","283":"I","284":"A","285":"A","286":"M","287":",","288":"U","289":"A","290":"A","291":"U","292":",","293":"G","294":"A","295":"A","296":"G","297":",","298":"k","299":"B","300":"A","301":"A","302":"Q","303":",","304":"E","305":"A","306":"A","307":"C","308":";","309":"M","310":"A","311":"C","312":"1","313":"B","314":",","315":"O","316":"A","317":"A","318":"O","319":",","320":"K","321":"A","322":"A","323":"K","324":",","325":"C","326":"A","327":"A","328":"C","329":",","330":"I","331":"A","332":"A","333":"I","334":",","335":"I","336":"A","337":"A","338":"K","339":",","340":"k","341":"B","342":"A","343":"A","344":"0","345":"C","346":",","347":"C","348":"A","349":"A","350":"C","351":",","352":"I","353":"A","354":"A","355":"I","356":";","357":"I","358":"A","359":"C","360":"v","361":"E","362":",","363":"C","364":"A","365":"A","366":"C","367":",","368":"C","369":"A","370":"A","371":"C","372":"\"","373":",","374":"\"","375":"f","376":"i","377":"l","378":"e","379":"\"","380":":","381":"\"","382":"/","383":"U","384":"s","385":"e","386":"r","387":"s","388":"/","389":"w","390":"a","391":"y","392":"l","393":"o","394":"n","395":"/","396":"v","397":"u","398":"e","399":"j","400":"s","401":"/","402":"a","403":"i","404":"l","405":"e","406":"m","407":"e","408":"n","409":"t","410":"e","411":"/","412":"s","413":"r","414":"c","415":"/","416":"c","417":"o","418":"m","419":"p","420":"o","421":"n","422":"e","423":"n","424":"t","425":"s","426":"/","427":"b","428":"u","429":"t","430":"t","431":"o","432":"n","433":"/","434":"B","435":"u","436":"t","437":"t","438":"o","439":"n","440":".","441":"v","442":"u","443":"e","444":"\"","445":",","446":"\"","447":"s","448":"o","449":"u","450":"r","451":"c","452":"e","453":"s","454":"C","455":"o","456":"n","457":"t","458":"e","459":"n","460":"t","461":"\"","462":":","463":"[","464":"\"","465":"<","466":"t","467":"e","468":"m","469":"p","470":"l","471":"a","472":"t","473":"e","474":">","475":"\\","476":"n","477":" ","478":" ","479":"<","480":"b","481":"u","482":"t","483":"t","484":"o","485":"n","486":"\\","487":"n","488":" ","489":" ","490":" ","491":" ","492":"c","493":"l","494":"a","495":"s","496":"s","497":"=","498":"\\","499":"\"","500":"e","501":"l","502":"-","503":"b","504":"u","505":"t","506":"t","507":"o","508":"n","509":"\\","510":"\"","511":"\\","512":"n","513":" ","514":" ","515":" ","516":" ","517":":","518":"c","519":"l","520":"a","521":"s","522":"s","523":"=","524":"\\","525":"\"","526":"[","527":"\\","528":"n","529":" ","530":" ","531":" ","532":" ","533":" ","534":" ","535":"b","536":"u","537":"t","538":"t","539":"o","540":"n","541":"S","542":"i","543":"z","544":"e","545":" ","546":"?","547":" ","548":"`","549":"e","550":"l","551":"-","552":"b","553":"u","554":"t","555":"t","556":"o","557":"n","558":"-","559":"-","560":"$","561":"{","562":"b","563":"u","564":"t","565":"t","566":"o","567":"n","568":"S","569":"i","570":"z","571":"e","572":"}","573":"`","574":" ","575":":","576":" ","577":"'","578":"'","579":",","580":"\\","581":"n","582":" ","583":" ","584":" ","585":" ","586":" ","587":" ","588":"t","589":"y","590":"p","591":"e","592":" ","593":"?","594":" ","595":"`","596":"e","597":"l","598":"-","599":"b","600":"u","601":"t","602":"t","603":"o","604":"n","605":"-","606":"-","607":"$","608":"{","609":"t","610":"y","611":"p","612":"e","613":"}","614":"`","615":" ","616":":","617":" ","618":"'","619":"'","620":",","621":"\\","622":"n","623":" ","624":" ","625":" ","626":" ","627":"]","628":"\\","629":"\"","630":"\\","631":"n","632":" ","633":" ","634":">","635":"\\","636":"n","637":" ","638":" ","639":" ","640":" ","641":"<","642":"s","643":"l","644":"o","645":"t","646":">","647":"<","648":"/","649":"s","650":"l","651":"o","652":"t","653":">","654":"\\","655":"n","656":" ","657":" ","658":"<","659":"/","660":"b","661":"u","662":"t","663":"t","664":"o","665":"n","666":">","667":"\\","668":"n","669":"<","670":"/","671":"t","672":"e","673":"m","674":"p","675":"l","676":"a","677":"t","678":"e","679":">","680":"\\","681":"n","682":"\\","683":"n","684":"<","685":"s","686":"c","687":"r","688":"i","689":"p","690":"t","691":" ","692":"l","693":"a","694":"n","695":"g","696":"=","697":"\\","698":"\"","699":"t","700":"s","701":"\\","702":"\"","703":">","704":"\\","705":"n","706":"e","707":"x","708":"p","709":"o","710":"r","711":"t","712":" ","713":"d","714":"e","715":"f","716":"a","717":"u","718":"l","719":"t","720":" ","721":"{","722":"\\","723":"n","724":" ","725":" ","726":"n","727":"a","728":"m","729":"e","730":":","731":" ","732":"'","733":"E","734":"l","735":"B","736":"u","737":"t","738":"t","739":"o","740":"n","741":"'","742":",","743":"\\","744":"n","745":"}","746":"\\","747":"n","748":"<","749":"/","750":"s","751":"c","752":"r","753":"i","754":"p","755":"t","756":">","757":"\\","758":"n","759":"\\","760":"n","761":"<","762":"s","763":"c","764":"r","765":"i","766":"p","767":"t","768":" ","769":"s","770":"e","771":"t","772":"u","773":"p","774":" ","775":"l","776":"a","777":"n","778":"g","779":"=","780":"\\","781":"\"","782":"t","783":"s","784":"\\","785":"\"","786":">","787":"\\","788":"n","789":"i","790":"m","791":"p","792":"o","793":"r","794":"t","795":" ","796":"{","797":" ","798":"u","799":"s","800":"e","801":"G","802":"l","803":"o","804":"b","805":"a","806":"l","807":"C","808":"o","809":"n","810":"f","811":"i","812":"g","813":" ","814":"}","815":" ","816":"f","817":"r","818":"o","819":"m","820":" ","821":"'","822":"@","823":"s","824":"r","825":"c","826":"/","827":"u","828":"t","829":"i","830":"l","831":"s","832":"'","833":"\\","834":"n","835":"i","836":"m","837":"p","838":"o","839":"r","840":"t","841":" ","842":"{","843":" ","844":"c","845":"o","846":"m","847":"p","848":"u","849":"t","850":"e","851":"d","852":" ","853":"}","854":" ","855":"f","856":"r","857":"o","858":"m","859":" ","860":"'","861":"v","862":"u","863":"e","864":"'","865":"\\","866":"n","867":"\\","868":"n","869":"i","870":"n","871":"t","872":"e","873":"r","874":"f","875":"a","876":"c","877":"e","878":" ","879":"P","880":"r","881":"o","882":"p","883":"s","884":" ","885":"{","886":"\\","887":"n","888":" ","889":" ","890":"s","891":"i","892":"z","893":"e","894":"?","895":":","896":" ","897":"'","898":"'","899":" ","900":"|","901":" ","902":"'","903":"s","904":"m","905":"a","906":"l","907":"l","908":"'","909":" ","910":"|","911":" ","912":"'","913":"m","914":"e","915":"d","916":"i","917":"u","918":"m","919":"'","920":" ","921":"|","922":" ","923":"'","924":"l","925":"a","926":"r","927":"g","928":"e","929":"'","930":"\\","931":"n","932":" ","933":" ","934":"t","935":"y","936":"p","937":"e","938":"?","939":":","940":" ","941":"'","942":"'","943":" ","944":"|","945":" ","946":"'","947":"p","948":"r","949":"i","950":"m","951":"a","952":"r","953":"y","954":"'","955":" ","956":"|","957":" ","958":"'","959":"s","960":"u","961":"c","962":"c","963":"e","964":"s","965":"s","966":"'","967":" ","968":"|","969":" ","970":"'","971":"d","972":"a","973":"n","974":"g","975":"e","976":"r","977":"'","978":"\\","979":"n","980":"}","981":"\\","982":"n","983":"\\","984":"n","985":"c","986":"o","987":"n","988":"s","989":"t","990":" ","991":"p","992":"r","993":"o","994":"p","995":"s","996":" ","997":"=","998":" ","999":"w","1000":"i","1001":"t","1002":"h","1003":"D","1004":"e","1005":"f","1006":"a","1007":"u","1008":"l","1009":"t","1010":"s","1011":"(","1012":"d","1013":"e","1014":"f","1015":"i","1016":"n","1017":"e","1018":"P","1019":"r","1020":"o","1021":"p","1022":"s","1023":"<","1024":"P","1025":"r","1026":"o","1027":"p","1028":"s","1029":">","1030":"(","1031":")","1032":",","1033":" ","1034":"{","1035":"\\","1036":"n","1037":" ","1038":" ","1039":"s","1040":"i","1041":"z","1042":"e","1043":":","1044":" ","1045":"'","1046":"s","1047":"m","1048":"a","1049":"l","1050":"l","1051":"'","1052":",","1053":"\\","1054":"n","1055":" ","1056":" ","1057":"t","1058":"y","1059":"p","1060":"e","1061":":","1062":" ","1063":"'","1064":"'","1065":",","1066":"\\","1067":"n","1068":"}","1069":")","1070":"\\","1071":"n","1072":"\\","1073":"n","1074":"c","1075":"o","1076":"n","1077":"s","1078":"t","1079":" ","1080":"g","1081":"l","1082":"o","1083":"b","1084":"a","1085":"l","1086":"B","1087":"u","1088":"t","1089":"t","1090":"o","1091":"n","1092":"C","1093":"o","1094":"n","1095":"f","1096":"i","1097":"g","1098":" ","1099":"=","1100":" ","1101":"u","1102":"s","1103":"e","1104":"G","1105":"l","1106":"o","1107":"b","1108":"a","1109":"l","1110":"C","1111":"o","1112":"n","1113":"f","1114":"i","1115":"g","1116":"(","1117":"'","1118":"$","1119":"A","1120":"I","1121":"L","1122":"E","1123":"M","1124":"E","1125":"N","1126":"T","1127":"'","1128":")","1129":"\\","1130":"n","1131":"c","1132":"o","1133":"n","1134":"s","1135":"t","1136":" ","1137":"b","1138":"u","1139":"t","1140":"t","1141":"o","1142":"n","1143":"S","1144":"i","1145":"z","1146":"e","1147":" ","1148":"=","1149":" ","1150":"c","1151":"o","1152":"m","1153":"p","1154":"u","1155":"t","1156":"e","1157":"d","1158":"(","1159":"(","1160":")","1161":" ","1162":"=","1163":">","1164":" ","1165":"{","1166":"\\","1167":"n","1168":" ","1169":" ","1170":"r","1171":"e","1172":"t","1173":"u","1174":"r","1175":"n","1176":" ","1177":"p","1178":"r","1179":"o","1180":"p","1181":"s","1182":".","1183":"s","1184":"i","1185":"z","1186":"e","1187":" ","1188":"|","1189":"|","1190":" ","1191":"(","1192":"g","1193":"l","1194":"o","1195":"b","1196":"a","1197":"l","1198":"B","1199":"u","1200":"t","1201":"t","1202":"o","1203":"n","1204":"C","1205":"o","1206":"n","1207":"f","1208":"i","1209":"g","1210":" ","1211":"a","1212":"s","1213":" ","1214":"R","1215":"e","1216":"c","1217":"o","1218":"r","1219":"d","1220":"<","1221":"s","1222":"t","1223":"r","1224":"i","1225":"n","1226":"g","1227":",","1228":" ","1229":"a","1230":"n","1231":"y","1232":">","1233":")","1234":".","1235":"s","1236":"i","1237":"z","1238":"e","1239":"\\","1240":"n","1241":"}","1242":")","1243":"\\","1244":"n","1245":"<","1246":"/","1247":"s","1248":"c","1249":"r","1250":"i","1251":"p","1252":"t","1253":">","1254":"\\","1255":"n","1256":"\"","1257":"]","1258":"}"},"_coverageSchema":"1a1c01bbd47fc00a2c39e90264f33305004495a9","hash":"217f42a7ac4d00a16560dd9845800596d57a16c8"}
,"/Users/waylon/vuejs/ailemente/src/utils/index.ts": {"path":"/Users/waylon/vuejs/ailemente/src/utils/index.ts","statementMap":{"0":{"start":{"line":1,"column":0},"end":{"line":1,"column":67}},"1":{"start":{"line":6,"column":53},"end":{"line":6,"column":73}},"2":{"start":{"line":7,"column":2},"end":{"line":10,"column":null}},"3":{"start":{"line":8,"column":4},"end":{"line":8,"column":null}},"4":{"start":{"line":9,"column":4},"end":{"line":9,"column":null}},"5":{"start":{"line":11,"column":2},"end":{"line":11,"column":null}},"6":{"start":{"line":3,"column":0},"end":{"line":3,"column":16}}},"fnMap":{"0":{"name":"useGlobalConfig","decl":{"start":{"line":3,"column":16},"end":{"line":3,"column":31}},"loc":{"start":{"line":4,"column":20},"end":{"line":12,"column":1}}}},"branchMap":{"0":{"loc":{"start":{"line":7,"column":2},"end":{"line":10,"column":null}},"type":"if","locations":[{"start":{"line":7,"column":2},"end":{"line":10,"column":null}}]},"1":{"loc":{"start":{"line":11,"column":9},"end":{"line":11,"column":71}},"type":"binary-expr","locations":[{"start":{"line":11,"column":9},"end":{"line":11,"column":65}},{"start":{"line":11,"column":69},"end":{"line":11,"column":71}}]}},"s":{"0":1,"1":2,"2":2,"3":0,"4":0,"5":2,"6":1},"f":{"0":2},"b":{"0":[0],"1":[2,2]}}
}
